2026-03-30T17:54:31.196466Z  WARN ralph::preflight: Config file "ralph.yml" not found, using defaults
2026-03-30T17:54:31.207158Z  WARN ralph::loop_runner: Interactive mode requested but stdout is not a TTY, falling back to autonomous
2026-03-30T17:54:31.213675Z  INFO ralph::loop_runner: I'm Ralph. Let's do this.
2026-03-30T17:54:31.213758Z  INFO ralph_core::event_loop: Memory injection check: enabled=true, inject=Auto, workspace_root="/home/ian/.openclaw/workspace-genesis"
2026-03-30T17:54:31.213770Z  INFO ralph_core::event_loop: Looking for memories at: "/home/ian/.openclaw/workspace-genesis/.ralph/agent/memories.md" (exists: false)
2026-03-30T17:54:31.213774Z  INFO ralph_core::event_loop: Successfully loaded 0 memories from store
2026-03-30T17:54:31.213776Z  INFO ralph_core::event_loop: Memory store is empty - no memories to inject
2026-03-30T17:54:31.214013Z  INFO ralph_core::event_loop: Injecting ready tasks (0 ready, 0 open, 1 closed) into prompt
2026-03-30T17:59:31.226675Z  WARN ralph_adapters::cli_executor: Execution timeout reached, sending SIGTERM timeout_secs=300
2026-03-30T17:59:31.279208Z  INFO ralph_core::event_loop: Memory injection check: enabled=true, inject=Auto, workspace_root="/home/ian/.openclaw/workspace-genesis"
2026-03-30T17:59:31.279245Z  INFO ralph_core::event_loop: Looking for memories at: "/home/ian/.openclaw/workspace-genesis/.ralph/agent/memories.md" (exists: false)
2026-03-30T17:59:31.279252Z  INFO ralph_core::event_loop: Successfully loaded 0 memories from store
2026-03-30T17:59:31.279254Z  INFO ralph_core::event_loop: Memory store is empty - no memories to inject
2026-03-30T17:59:31.279522Z  INFO ralph_core::event_loop: Injecting scratchpad (2155 chars) into prompt
2026-03-30T17:59:31.280536Z  INFO ralph_core::event_loop: Injecting ready tasks (0 ready, 11 open, 1 closed) into prompt
2026-03-30T18:04:15.375635Z  INFO ralph_core::event_loop: Memory injection check: enabled=true, inject=Auto, workspace_root="/home/ian/.openclaw/workspace-genesis"
2026-03-30T18:04:15.375883Z  INFO ralph_core::event_loop: Looking for memories at: "/home/ian/.openclaw/workspace-genesis/.ralph/agent/memories.md" (exists: true)
2026-03-30T18:04:15.381221Z  INFO ralph_core::event_loop: Successfully loaded 1 memories from store
2026-03-30T18:04:15.381250Z  INFO ralph_core::event_loop: Injecting 1 memories (372 chars) into prompt
2026-03-30T18:04:15.381296Z  INFO ralph_core::event_loop: Injecting scratchpad (2299 chars) into prompt
2026-03-30T18:04:15.381370Z  INFO ralph_core::event_loop: Injecting ready tasks (10 ready, 10 open, 2 closed) into prompt
2026-03-30T18:07:04.760345Z  INFO ralph_core::event_loop: Memory injection check: enabled=true, inject=Auto, workspace_root="/home/ian/.openclaw/workspace-genesis"
2026-03-30T18:07:04.760755Z  INFO ralph_core::event_loop: Looking for memories at: "/home/ian/.openclaw/workspace-genesis/.ralph/agent/memories.md" (exists: true)
2026-03-30T18:07:04.761131Z  INFO ralph_core::event_loop: Successfully loaded 1 memories from store
2026-03-30T18:07:04.761149Z  INFO ralph_core::event_loop: Injecting 1 memories (372 chars) into prompt
2026-03-30T18:07:04.761195Z  INFO ralph_core::event_loop: Injecting scratchpad (2754 chars) into prompt
2026-03-30T18:07:04.761297Z  INFO ralph_core::event_loop: Injecting ready tasks (8 ready, 8 open, 4 closed) into prompt
2026-03-30T18:10:45.502030Z  INFO ralph_core::event_loop: Memory injection check: enabled=true, inject=Auto, workspace_root="/home/ian/.openclaw/workspace-genesis"
2026-03-30T18:10:45.502259Z  INFO ralph_core::event_loop: Looking for memories at: "/home/ian/.openclaw/workspace-genesis/.ralph/agent/memories.md" (exists: true)
2026-03-30T18:10:45.504983Z  INFO ralph_core::event_loop: Successfully loaded 1 memories from store
2026-03-30T18:10:45.504998Z  INFO ralph_core::event_loop: Injecting 1 memories (372 chars) into prompt
2026-03-30T18:10:45.505033Z  INFO ralph_core::event_loop: Injecting scratchpad (3477 chars) into prompt
2026-03-30T18:10:45.505099Z  INFO ralph_core::event_loop: Injecting ready tasks (7 ready, 7 open, 5 closed) into prompt
2026-03-30T18:13:38.693465Z  INFO ralph_core::event_loop: Memory injection check: enabled=true, inject=Auto, workspace_root="/home/ian/.openclaw/workspace-genesis"
2026-03-30T18:13:38.693716Z  INFO ralph_core::event_loop: Looking for memories at: "/home/ian/.openclaw/workspace-genesis/.ralph/agent/memories.md" (exists: true)
2026-03-30T18:13:38.695252Z  INFO ralph_core::event_loop: Successfully loaded 1 memories from store
2026-03-30T18:13:38.695268Z  INFO ralph_core::event_loop: Injecting 1 memories (372 chars) into prompt
2026-03-30T18:13:38.695307Z  INFO ralph_core::event_loop: Injecting scratchpad (4457 chars) into prompt
2026-03-30T18:13:38.695389Z  INFO ralph_core::event_loop: Injecting ready tasks (6 ready, 6 open, 6 closed) into prompt
2026-03-30T18:15:43.426324Z  INFO ralph_core::event_loop: Memory injection check: enabled=true, inject=Auto, workspace_root="/home/ian/.openclaw/workspace-genesis"
2026-03-30T18:15:43.426721Z  INFO ralph_core::event_loop: Looking for memories at: "/home/ian/.openclaw/workspace-genesis/.ralph/agent/memories.md" (exists: true)
2026-03-30T18:15:43.427007Z  INFO ralph_core::event_loop: Successfully loaded 1 memories from store
2026-03-30T18:15:43.427018Z  INFO ralph_core::event_loop: Injecting 1 memories (372 chars) into prompt
2026-03-30T18:15:43.427258Z  INFO ralph_core::event_loop: Injecting scratchpad (4457 chars) into prompt
2026-03-30T18:15:43.427349Z  INFO ralph_core::event_loop: Injecting ready tasks (5 ready, 6 open, 6 closed) into prompt
2026-03-30T18:15:45.639593Z  INFO ralph_core::event_loop: Memory injection check: enabled=true, inject=Auto, workspace_root="/home/ian/.openclaw/workspace-genesis"
2026-03-30T18:15:45.639715Z  INFO ralph_core::event_loop: Looking for memories at: "/home/ian/.openclaw/workspace-genesis/.ralph/agent/memories.md" (exists: true)
2026-03-30T18:15:45.639825Z  INFO ralph_core::event_loop: Successfully loaded 1 memories from store
2026-03-30T18:15:45.639838Z  INFO ralph_core::event_loop: Injecting 1 memories (372 chars) into prompt
2026-03-30T18:15:45.639875Z  INFO ralph_core::event_loop: Injecting scratchpad (4457 chars) into prompt
2026-03-30T18:15:45.639979Z  INFO ralph_core::event_loop: Injecting ready tasks (5 ready, 6 open, 6 closed) into prompt
2026-03-30T18:15:47.550460Z  INFO ralph_core::event_loop: Memory injection check: enabled=true, inject=Auto, workspace_root="/home/ian/.openclaw/workspace-genesis"
2026-03-30T18:15:47.550507Z  INFO ralph_core::event_loop: Looking for memories at: "/home/ian/.openclaw/workspace-genesis/.ralph/agent/memories.md" (exists: true)
2026-03-30T18:15:47.551004Z  INFO ralph_core::event_loop: Successfully loaded 1 memories from store
2026-03-30T18:15:47.551023Z  INFO ralph_core::event_loop: Injecting 1 memories (372 chars) into prompt
2026-03-30T18:15:47.551295Z  INFO ralph_core::event_loop: Injecting scratchpad (4457 chars) into prompt
2026-03-30T18:15:47.551405Z  INFO ralph_core::event_loop: Injecting ready tasks (5 ready, 6 open, 6 closed) into prompt
2026-03-30T18:15:49.229050Z  INFO ralph_core::event_loop: Memory injection check: enabled=true, inject=Auto, workspace_root="/home/ian/.openclaw/workspace-genesis"
2026-03-30T18:15:49.229082Z  INFO ralph_core::event_loop: Looking for memories at: "/home/ian/.openclaw/workspace-genesis/.ralph/agent/memories.md" (exists: true)
2026-03-30T18:15:49.229147Z  INFO ralph_core::event_loop: Successfully loaded 1 memories from store
2026-03-30T18:15:49.229154Z  INFO ralph_core::event_loop: Injecting 1 memories (372 chars) into prompt
2026-03-30T18:15:49.229177Z  INFO ralph_core::event_loop: Injecting scratchpad (4457 chars) into prompt
2026-03-30T18:15:49.229239Z  INFO ralph_core::event_loop: Injecting ready tasks (5 ready, 6 open, 6 closed) into prompt
2026-03-30T18:15:50.730752Z  INFO ralph_core::event_loop: Wrapping up: consecutive_failures. 10 iterations in 21m 19s. reason=consecutive_failures iterations=10 duration=21m 19s
